[2018-07-11 16:15:12,017] multiqc                                            [DEBUG  ]  No MultiQC config found: /opt/miniconda/envs/py3.osf/lib/python3.6/site-packages/multiqc_config.yaml
[2018-07-11 16:15:12,017] multiqc                                            [DEBUG  ]  No MultiQC config found: /home/dibbears/.multiqc_config.yaml
[2018-07-11 16:15:12,017] multiqc                                            [DEBUG  ]  No MultiQC config found: multiqc_config.yaml
[2018-07-11 16:15:12,018] multiqc                                            [DEBUG  ]  Command used: /opt/miniconda/envs/py3.osf/bin/multiqc SRR1300313_1.fastq SRR1300313_1_fastqc.html SRR1300313_1_fastqc.zip SRR1300313_2.fastq SRR1300313_2_fastqc.html SRR1300313_2_fastqc.zip SRR1300380_1.fastq SRR1300380_1_fastqc.html SRR1300380_1_fastqc.zip SRR1300380_2.fastq SRR1300380_2_fastqc.html SRR1300380_2_fastqc.zip SRR1300523_1.fastq SRR1300523_1_fastqc.html SRR1300523_1_fastqc.zip SRR1300523_2.fastq SRR1300523_2_fastqc.html SRR1300523_2_fastqc.zip SRR1300540_1.fastq SRR1300540_1_fastqc.html SRR1300540_1_fastqc.zip SRR1300540_2.fastq SRR1300540_2_fastqc.html SRR1300540_2_fastqc.zip nema_annotation.ipynb runQC.sh scripts
[2018-07-11 16:15:12,394] multiqc                                            [DEBUG  ]  Latest MultiQC version is v1.5
[2018-07-11 16:15:12,394] multiqc                                            [INFO   ]  This is MultiQC v1.6.dev0
[2018-07-11 16:15:12,394] multiqc                                            [DEBUG  ]  Command     : /opt/miniconda/envs/py3.osf/bin/multiqc SRR1300313_1.fastq SRR1300313_1_fastqc.html SRR1300313_1_fastqc.zip SRR1300313_2.fastq SRR1300313_2_fastqc.html SRR1300313_2_fastqc.zip SRR1300380_1.fastq SRR1300380_1_fastqc.html SRR1300380_1_fastqc.zip SRR1300380_2.fastq SRR1300380_2_fastqc.html SRR1300380_2_fastqc.zip SRR1300523_1.fastq SRR1300523_1_fastqc.html SRR1300523_1_fastqc.zip SRR1300523_2.fastq SRR1300523_2_fastqc.html SRR1300523_2_fastqc.zip SRR1300540_1.fastq SRR1300540_1_fastqc.html SRR1300540_1_fastqc.zip SRR1300540_2.fastq SRR1300540_2_fastqc.html SRR1300540_2_fastqc.zip nema_annotation.ipynb runQC.sh scripts
[2018-07-11 16:15:12,394] multiqc                                            [DEBUG  ]  Working dir : /home/dibbears/openScienceTutorial
[2018-07-11 16:15:12,394] multiqc                                            [INFO   ]  Template    : default
[2018-07-11 16:15:12,395] multiqc                                            [INFO   ]  Searching 'SRR1300313_1.fastq'
[2018-07-11 16:15:12,395] multiqc                                            [INFO   ]  Searching 'SRR1300313_1_fastqc.html'
[2018-07-11 16:15:12,395] multiqc                                            [INFO   ]  Searching 'SRR1300313_1_fastqc.zip'
[2018-07-11 16:15:12,396] multiqc                                            [INFO   ]  Searching 'SRR1300313_2.fastq'
[2018-07-11 16:15:12,396] multiqc                                            [INFO   ]  Searching 'SRR1300313_2_fastqc.html'
[2018-07-11 16:15:12,396] multiqc                                            [INFO   ]  Searching 'SRR1300313_2_fastqc.zip'
[2018-07-11 16:15:12,396] multiqc                                            [INFO   ]  Searching 'SRR1300380_1.fastq'
[2018-07-11 16:15:12,397] multiqc                                            [INFO   ]  Searching 'SRR1300380_1_fastqc.html'
[2018-07-11 16:15:12,397] multiqc                                            [INFO   ]  Searching 'SRR1300380_1_fastqc.zip'
[2018-07-11 16:15:12,397] multiqc                                            [INFO   ]  Searching 'SRR1300380_2.fastq'
[2018-07-11 16:15:12,398] multiqc                                            [INFO   ]  Searching 'SRR1300380_2_fastqc.html'
[2018-07-11 16:15:12,398] multiqc                                            [INFO   ]  Searching 'SRR1300380_2_fastqc.zip'
[2018-07-11 16:15:12,398] multiqc                                            [INFO   ]  Searching 'SRR1300523_1.fastq'
[2018-07-11 16:15:12,398] multiqc                                            [INFO   ]  Searching 'SRR1300523_1_fastqc.html'
[2018-07-11 16:15:12,399] multiqc                                            [INFO   ]  Searching 'SRR1300523_1_fastqc.zip'
[2018-07-11 16:15:12,399] multiqc                                            [INFO   ]  Searching 'SRR1300523_2.fastq'
[2018-07-11 16:15:12,399] multiqc                                            [INFO   ]  Searching 'SRR1300523_2_fastqc.html'
[2018-07-11 16:15:12,399] multiqc                                            [INFO   ]  Searching 'SRR1300523_2_fastqc.zip'
[2018-07-11 16:15:12,400] multiqc                                            [INFO   ]  Searching 'SRR1300540_1.fastq'
[2018-07-11 16:15:12,400] multiqc                                            [INFO   ]  Searching 'SRR1300540_1_fastqc.html'
[2018-07-11 16:15:12,400] multiqc                                            [INFO   ]  Searching 'SRR1300540_1_fastqc.zip'
[2018-07-11 16:15:12,400] multiqc                                            [INFO   ]  Searching 'SRR1300540_2.fastq'
[2018-07-11 16:15:12,401] multiqc                                            [INFO   ]  Searching 'SRR1300540_2_fastqc.html'
[2018-07-11 16:15:12,401] multiqc                                            [INFO   ]  Searching 'SRR1300540_2_fastqc.zip'
[2018-07-11 16:15:12,401] multiqc                                            [INFO   ]  Searching 'nema_annotation.ipynb'
[2018-07-11 16:15:12,401] multiqc                                            [INFO   ]  Searching 'runQC.sh'
[2018-07-11 16:15:12,402] multiqc                                            [INFO   ]  Searching 'scripts'
[2018-07-11 16:15:12,403] multiqc                                            [DEBUG  ]  Analysing modules: custom_content, conpair, peddy, methylQA, qualimap, preseq, quast, qorts, rna_seqc, rsem, rseqc, busco, goleft_indexcov, disambiguate, supernova, deeptools, sargasso, verifybamid, homer, macs2, theta2, snpeff, gatk, htseq, bcftools, featureCounts, dedup, picard, prokka, samblaster, samtools, bamtools, jellyfish, vcftools, longranger, bbmap, bismark, hicexplorer, hicup, salmon, kallisto, slamdunk, star, hisat2, tophat, bowtie2, bowtie1, kat, leehom, adapterRemoval, clipandmerge, cutadapt, flexbar, trimmomatic, skewer, sortmerna, biobloomtools, fastq_screen, afterqc, fastqc, clusterflow, bcl2fastq, interop
[2018-07-11 16:15:12,403] multiqc                                            [DEBUG  ]  Using temporary directory for creating report: /tmp/tmprbh0sjom
[2018-07-11 16:15:12,482] multiqc                                            [DEBUG  ]  Ignoring file as matched an ignore pattern: SRR1300313_1.fastq
[2018-07-11 16:15:12,482] multiqc                                            [DEBUG  ]  Ignoring file as matched an ignore pattern: SRR1300313_1_fastqc.html
[2018-07-11 16:15:12,489] multiqc                                            [DEBUG  ]  Ignoring file as matched an ignore pattern: SRR1300313_2.fastq
[2018-07-11 16:15:12,490] multiqc                                            [DEBUG  ]  Ignoring file as matched an ignore pattern: SRR1300313_2_fastqc.html
[2018-07-11 16:15:12,490] multiqc                                            [DEBUG  ]  Ignoring file as matched an ignore pattern: SRR1300380_1.fastq
[2018-07-11 16:15:12,490] multiqc                                            [DEBUG  ]  Ignoring file as matched an ignore pattern: SRR1300380_1_fastqc.html
[2018-07-11 16:15:12,491] multiqc                                            [DEBUG  ]  Ignoring file as matched an ignore pattern: SRR1300380_2.fastq
[2018-07-11 16:15:12,491] multiqc                                            [DEBUG  ]  Ignoring file as matched an ignore pattern: SRR1300380_2_fastqc.html
[2018-07-11 16:15:12,492] multiqc                                            [DEBUG  ]  Ignoring file as matched an ignore pattern: SRR1300523_1.fastq
[2018-07-11 16:15:12,492] multiqc                                            [DEBUG  ]  Ignoring file as matched an ignore pattern: SRR1300523_1_fastqc.html
[2018-07-11 16:15:12,492] multiqc                                            [DEBUG  ]  Ignoring file as matched an ignore pattern: SRR1300523_2.fastq
[2018-07-11 16:15:12,493] multiqc                                            [DEBUG  ]  Ignoring file as matched an ignore pattern: SRR1300523_2_fastqc.html
[2018-07-11 16:15:12,493] multiqc                                            [DEBUG  ]  Ignoring file as matched an ignore pattern: SRR1300540_1.fastq
[2018-07-11 16:15:12,493] multiqc                                            [DEBUG  ]  Ignoring file as matched an ignore pattern: SRR1300540_1_fastqc.html
[2018-07-11 16:15:12,494] multiqc                                            [DEBUG  ]  Ignoring file as matched an ignore pattern: SRR1300540_2.fastq
[2018-07-11 16:15:12,494] multiqc                                            [DEBUG  ]  Ignoring file as matched an ignore pattern: SRR1300540_2_fastqc.html
[2018-07-11 16:15:12,942] multiqc                                            [DEBUG  ]  No samples found: custom_content
[2018-07-11 16:15:12,946] multiqc                                            [DEBUG  ]  No samples found: conpair
[2018-07-11 16:15:12,949] multiqc                                            [DEBUG  ]  No samples found: peddy
[2018-07-11 16:15:12,952] multiqc                                            [DEBUG  ]  No samples found: methylQA
[2018-07-11 16:15:12,956] multiqc                                            [DEBUG  ]  No samples found: qualimap
[2018-07-11 16:15:12,959] multiqc                                            [DEBUG  ]  No samples found: preseq
[2018-07-11 16:15:12,962] multiqc                                            [DEBUG  ]  No samples found: quast
[2018-07-11 16:15:12,965] multiqc                                            [DEBUG  ]  No samples found: qorts
[2018-07-11 16:15:12,969] multiqc                                            [DEBUG  ]  No samples found: rna_seqc
[2018-07-11 16:15:12,972] multiqc                                            [DEBUG  ]  No samples found: rsem
[2018-07-11 16:15:12,977] multiqc                                            [DEBUG  ]  No samples found: rseqc
[2018-07-11 16:15:12,981] multiqc.modules.busco.busco                        [INFO   ]  Found 1 reports
[2018-07-11 16:15:12,987] multiqc                                            [DEBUG  ]  No samples found: goleft_indexcov
[2018-07-11 16:15:12,990] multiqc                                            [DEBUG  ]  No samples found: disambiguate
[2018-07-11 16:15:12,993] multiqc                                            [DEBUG  ]  No samples found: supernova
[2018-07-11 16:15:12,998] multiqc                                            [DEBUG  ]  No samples found: deeptools
[2018-07-11 16:15:13,001] multiqc                                            [DEBUG  ]  No samples found: sargasso
[2018-07-11 16:15:13,004] multiqc                                            [DEBUG  ]  No samples found: verifybamid
[2018-07-11 16:15:13,008] multiqc                                            [DEBUG  ]  No samples found: homer
[2018-07-11 16:15:13,011] multiqc                                            [DEBUG  ]  No samples found: macs2
[2018-07-11 16:15:13,014] multiqc                                            [DEBUG  ]  No samples found: theta2
[2018-07-11 16:15:13,017] multiqc                                            [DEBUG  ]  No samples found: snpeff
[2018-07-11 16:15:13,021] multiqc                                            [DEBUG  ]  No samples found: gatk
[2018-07-11 16:15:13,025] multiqc                                            [DEBUG  ]  No samples found: htseq
[2018-07-11 16:15:13,028] multiqc                                            [DEBUG  ]  No samples found: bcftools
[2018-07-11 16:15:13,031] multiqc                                            [DEBUG  ]  No samples found: featureCounts
[2018-07-11 16:15:13,034] multiqc                                            [DEBUG  ]  No samples found: dedup
[2018-07-11 16:15:13,042] multiqc                                            [DEBUG  ]  No samples found: picard
[2018-07-11 16:15:13,046] multiqc                                            [DEBUG  ]  No samples found: prokka
[2018-07-11 16:15:13,049] multiqc                                            [DEBUG  ]  No samples found: samblaster
[2018-07-11 16:15:13,053] multiqc                                            [DEBUG  ]  No samples found: samtools
[2018-07-11 16:15:13,056] multiqc                                            [DEBUG  ]  No samples found: bamtools
[2018-07-11 16:15:13,059] multiqc                                            [DEBUG  ]  No samples found: jellyfish
[2018-07-11 16:15:13,064] multiqc                                            [DEBUG  ]  No samples found: vcftools
[2018-07-11 16:15:13,067] multiqc                                            [DEBUG  ]  No samples found: longranger
[2018-07-11 16:15:13,072] multiqc                                            [DEBUG  ]  No samples found: bbmap
[2018-07-11 16:15:13,076] multiqc                                            [DEBUG  ]  No samples found: bismark
[2018-07-11 16:15:13,079] multiqc                                            [DEBUG  ]  No samples found: hicexplorer
[2018-07-11 16:15:13,082] multiqc                                            [DEBUG  ]  No samples found: hicup
[2018-07-11 16:15:13,085] multiqc                                            [DEBUG  ]  No samples found: salmon
[2018-07-11 16:15:13,089] multiqc                                            [DEBUG  ]  No samples found: kallisto
[2018-07-11 16:15:13,092] multiqc                                            [DEBUG  ]  No samples found: slamdunk
[2018-07-11 16:15:13,095] multiqc                                            [DEBUG  ]  No samples found: star
[2018-07-11 16:15:13,098] multiqc                                            [DEBUG  ]  No samples found: hisat2
[2018-07-11 16:15:13,102] multiqc                                            [DEBUG  ]  No samples found: tophat
[2018-07-11 16:15:13,105] multiqc                                            [DEBUG  ]  No samples found: bowtie2
[2018-07-11 16:15:13,108] multiqc                                            [DEBUG  ]  No samples found: bowtie1
[2018-07-11 16:15:13,111] multiqc                                            [DEBUG  ]  No samples found: kat
[2018-07-11 16:15:13,114] multiqc                                            [DEBUG  ]  No samples found: leehom
[2018-07-11 16:15:13,118] multiqc                                            [DEBUG  ]  No samples found: adapterRemoval
[2018-07-11 16:15:13,121] multiqc                                            [DEBUG  ]  No samples found: clipandmerge
[2018-07-11 16:15:13,124] multiqc                                            [DEBUG  ]  No samples found: cutadapt
[2018-07-11 16:15:13,127] multiqc                                            [DEBUG  ]  No samples found: flexbar
[2018-07-11 16:15:13,130] multiqc                                            [DEBUG  ]  No samples found: trimmomatic
[2018-07-11 16:15:13,134] multiqc                                            [DEBUG  ]  No samples found: skewer
[2018-07-11 16:15:13,137] multiqc                                            [DEBUG  ]  No samples found: sortmerna
[2018-07-11 16:15:13,140] multiqc                                            [DEBUG  ]  No samples found: biobloomtools
[2018-07-11 16:15:13,144] multiqc                                            [DEBUG  ]  No samples found: fastq_screen
[2018-07-11 16:15:13,147] multiqc                                            [DEBUG  ]  No samples found: afterqc
[2018-07-11 16:15:13,168] multiqc.modules.fastqc.fastqc                      [INFO   ]  Found 8 reports
[2018-07-11 16:15:13,276] multiqc                                            [DEBUG  ]  No samples found: clusterflow
[2018-07-11 16:15:13,280] multiqc                                            [DEBUG  ]  No samples found: bcl2fastq
[2018-07-11 16:15:13,284] multiqc                                            [DEBUG  ]  No samples found: interop
[2018-07-11 16:15:13,296] multiqc                                            [INFO   ]  Compressing plot data
[2018-07-11 16:15:13,387] multiqc                                            [INFO   ]  Report      : multiqc_report.html
[2018-07-11 16:15:13,387] multiqc                                            [INFO   ]  Data        : multiqc_data
[2018-07-11 16:15:13,387] multiqc                                            [DEBUG  ]  Moving data file from '/tmp/tmprbh0sjom/multiqc_data/multiqc_busco.txt' to '/home/dibbears/openScienceTutorial/multiqc_data'
[2018-07-11 16:15:13,388] multiqc                                            [DEBUG  ]  Moving data file from '/tmp/tmprbh0sjom/multiqc_data/multiqc_data.json' to '/home/dibbears/openScienceTutorial/multiqc_data'
[2018-07-11 16:15:13,388] multiqc                                            [DEBUG  ]  Moving data file from '/tmp/tmprbh0sjom/multiqc_data/multiqc_fastqc.txt' to '/home/dibbears/openScienceTutorial/multiqc_data'
[2018-07-11 16:15:13,388] multiqc                                            [DEBUG  ]  Moving data file from '/tmp/tmprbh0sjom/multiqc_data/multiqc_general_stats.txt' to '/home/dibbears/openScienceTutorial/multiqc_data'
[2018-07-11 16:15:13,388] multiqc                                            [DEBUG  ]  Moving data file from '/tmp/tmprbh0sjom/multiqc_data/multiqc_sources.txt' to '/home/dibbears/openScienceTutorial/multiqc_data'
[2018-07-11 16:15:13,497] multiqc                                            [INFO   ]  MultiQC complete
